<?xml version="1.0" encoding="UTF-8"?>
<!-- Generated by org.testng.reporters.JUnitXMLReporter -->
<testsuite ignored="1" hostname="UDAYCHAUHAN" failures="0" tests="6" name="Car Loan" time="0.103" errors="0" timestamp="2025-03-31T12:18:25 IST">
  <testcase classname="test.day3" name="mobileLoginCarLoan" time="0.005"/>
  <testcase classname="test.day3" name="mobileSignOutCarLoan" time="0.004"/>
  <testcase classname="test.day3" name="mobileSignOutCarLoan" time="0.001"/>
  <testcase classname="test.day3" name="mobileSignOutCarLoan" time="0.002"/>
  <testcase classname="test.day3" name="webLoginCarLoan" time="0.003"/>
  <testcase classname="test.day3" name="loginAPICarLoan" time="0.002"/>
  <testcase classname="test.day3" name="mobileSignInCarLoan" time="0.0">
    <ignored/>
  </testcase> <!-- mobileSignInCarLoan -->
</testsuite> <!-- Car Loan -->
