<?xml version="1.0" encoding="UTF-8"?>
<!-- Generated by org.testng.reporters.JUnitXMLReporter -->
<testsuite ignored="0" hostname="UDAYCHAUHAN" failures="1" tests="3" name="Home Loan" time="0.029" errors="0" timestamp="2025-03-31T12:18:25 IST">
  <testcase classname="test.day4" name="loginAPIHomeLoan" time="0.013">
    <failure type="java.lang.AssertionError" message="expected [true] but found [false]">
      <![CDATA[java.lang.AssertionError: expected [true] but found [false]
at test.day4.loginAPIHomeLoan(day4.java:24)
at java.base/java.util.ArrayList.forEach(ArrayList.java:1596)
at java.base/java.util.concurrent.FutureTask.run(FutureTask.java:317)
at java.base/java.util.concurrent.ThreadPoolExecutor.runWorker(ThreadPoolExecutor.java:1144)
at java.base/java.util.concurrent.ThreadPoolExecutor$Worker.run(ThreadPoolExecutor.java:642)
at java.base/java.lang.Thread.run(Thread.java:1583)
... Removed 19 stack frames]]>
    </failure>
  </testcase> <!-- loginAPIHomeLoan -->
  <testcase classname="test.day4" name="mobileLoginHomeLoan" time="0.002"/>
  <testcase classname="test.day4" name="webLoginHomeLoan" time="0.002"/>
</testsuite> <!-- Home Loan -->
