<?xml version="1.0" encoding="UTF-8"?>
<!-- Generated by org.testng.reporters.JUnitXMLReporter -->
<testsuite ignored="1" hostname="UDAYCHAUHAN" failures="0" tests="2" name="Personal Loan" time="0.061" errors="0" timestamp="2025-03-31T12:18:25 IST">
  <testcase classname="test.day1" name="demo" time="0.01"/>
  <testcase classname="test.day2" name="pLoan" time="0.01"/>
  <testcase classname="test.day1" name="secondDemo" time="0.0">
    <ignored/>
  </testcase> <!-- secondDemo -->
</testsuite> <!-- Personal Loan -->
