<?xml version="1.0" encoding="UTF-8"?>
<!-- Generated by org.testng.reporters.JUnitXMLReporter -->
<testsuite ignored="8" hostname="UDAYCHAUHAN" failures="0" tests="3" name="Regression" time="0.064" errors="0" timestamp="2025-03-31T00:03:36 IST">
  <testcase classname="test.day2" name="pLoan" time="0.01"/>
  <testcase classname="test.day3" name="mobileLoginCarLoan" time="0.002"/>
  <testcase classname="test.day4" name="mobileLoginHomeLoan" time="0.001"/>
  <testcase classname="test.day1" name="demo" time="0.0">
    <ignored/>
  </testcase> <!-- demo -->
  <testcase classname="test.day4" name="webLoginHomeLoan" time="0.0">
    <ignored/>
  </testcase> <!-- webLoginHomeLoan -->
  <testcase classname="test.day3" name="loginAPICarLoan" time="0.0">
    <ignored/>
  </testcase> <!-- loginAPICarLoan -->
  <testcase classname="test.day3" name="mobileSignInCarLoan" time="0.0">
    <ignored/>
  </testcase> <!-- mobileSignInCarLoan -->
  <testcase classname="test.day3" name="mobileSignOutCarLoan" time="0.0">
    <ignored/>
  </testcase> <!-- mobileSignOutCarLoan -->
  <testcase classname="test.day1" name="secondDemo" time="0.0">
    <ignored/>
  </testcase> <!-- secondDemo -->
  <testcase classname="test.day4" name="loginAPIHomeLoan" time="0.0">
    <ignored/>
  </testcase> <!-- loginAPIHomeLoan -->
  <testcase classname="test.day3" name="webLoginCarLoan" time="0.0">
    <ignored/>
  </testcase> <!-- webLoginCarLoan -->
</testsuite> <!-- Regression -->
